{"C:\\Users\\user\\stellar-burgers\\src\\services\\slices\\auth-slice.ts": {"path":"C:\\Users\\user\\stellar-burgers\\src\\services\\slices\\auth-slice.ts","statementMap":{"0":{"start":{"line":1,"column":0},"end":{"line":1,"column":65}},"1":{"start":{"line":3,"column":0},"end":{"line":3,"column":null}},"2":{"start":{"line":13,"column":0},"end":{"line":13,"column":72}},"3":{"start":{"line":22,"column":32},"end":{"line":27,"column":2}},"4":{"start":{"line":29,"column":13},"end":{"line":35,"column":2}},"5":{"start":{"line":31,"column":28},"end":{"line":34,"column":null}},"6":{"start":{"line":32,"column":21},"end":{"line":32,"column":null}},"7":{"start":{"line":32,"column":10},"end":{"line":32,"column":null}},"8":{"start":{"line":33,"column":4},"end":{"line":33,"column":20}},"9":{"start":{"line":37,"column":13},"end":{"line":43,"column":2}},"10":{"start":{"line":39,"column":25},"end":{"line":42,"column":null}},"11":{"start":{"line":40,"column":21},"end":{"line":40,"column":null}},"12":{"start":{"line":40,"column":10},"end":{"line":40,"column":null}},"13":{"start":{"line":41,"column":4},"end":{"line":41,"column":20}},"14":{"start":{"line":45,"column":13},"end":{"line":67,"column":2}},"15":{"start":{"line":47,"column":29},"end":{"line":47,"column":31}},"16":{"start":{"line":49,"column":23},"end":{"line":49,"column":null}},"17":{"start":{"line":49,"column":12},"end":{"line":49,"column":null}},"18":{"start":{"line":50,"column":6},"end":{"line":50,"column":22}},"19":{"start":{"line":52,"column":12},"end":{"line":52,"column":69}},"20":{"start":{"line":53,"column":10},"end":{"line":53,"column":27}},"21":{"start":{"line":55,"column":10},"end":{"line":55,"column":31}},"22":{"start":{"line":56,"column":27},"end":{"line":56,"column":null}},"23":{"start":{"line":56,"column":16},"end":{"line":56,"column":null}},"24":{"start":{"line":57,"column":10},"end":{"line":57,"column":26}},"25":{"start":{"line":59,"column":10},"end":{"line":59,"column":38}},"26":{"start":{"line":60,"column":10},"end":{"line":60,"column":50}},"27":{"start":{"line":61,"column":10},"end":{"line":61,"column":55}},"28":{"start":{"line":64,"column":6},"end":{"line":64,"column":51}},"29":{"start":{"line":69,"column":13},"end":{"line":75,"column":2}},"30":{"start":{"line":71,"column":29},"end":{"line":74,"column":null}},"31":{"start":{"line":72,"column":21},"end":{"line":72,"column":null}},"32":{"start":{"line":72,"column":10},"end":{"line":72,"column":null}},"33":{"start":{"line":73,"column":4},"end":{"line":73,"column":20}},"34":{"start":{"line":77,"column":13},"end":{"line":79,"column":3}},"35":{"start":{"line":77,"column":62},"end":{"line":79,"column":2}},"36":{"start":{"line":78,"column":2},"end":{"line":78,"column":20}},"37":{"start":{"line":81,"column":18},"end":{"line":179,"column":2}},"38":{"start":{"line":86,"column":6},"end":{"line":86,"column":25}},"39":{"start":{"line":90,"column":4},"end":{"line":177,"column":9}},"40":{"start":{"line":93,"column":8},"end":{"line":93,"column":29}},"41":{"start":{"line":94,"column":8},"end":{"line":94,"column":27}},"42":{"start":{"line":97,"column":8},"end":{"line":97,"column":30}},"43":{"start":{"line":98,"column":8},"end":{"line":100,"column":9}},"44":{"start":{"line":99,"column":10},"end":{"line":99,"column":63}},"45":{"start":{"line":101,"column":8},"end":{"line":103,"column":9}},"46":{"start":{"line":102,"column":10},"end":{"line":102,"column":76}},"47":{"start":{"line":104,"column":8},"end":{"line":104,"column":41}},"48":{"start":{"line":105,"column":8},"end":{"line":105,"column":37}},"49":{"start":{"line":108,"column":8},"end":{"line":108,"column":30}},"50":{"start":{"line":109,"column":8},"end":{"line":109,"column":67}},"51":{"start":{"line":113,"column":8},"end":{"line":113,"column":29}},"52":{"start":{"line":114,"column":8},"end":{"line":114,"column":27}},"53":{"start":{"line":117,"column":8},"end":{"line":117,"column":30}},"54":{"start":{"line":118,"column":8},"end":{"line":120,"column":9}},"55":{"start":{"line":119,"column":10},"end":{"line":119,"column":63}},"56":{"start":{"line":121,"column":8},"end":{"line":123,"column":9}},"57":{"start":{"line":122,"column":10},"end":{"line":122,"column":76}},"58":{"start":{"line":124,"column":8},"end":{"line":124,"column":41}},"59":{"start":{"line":125,"column":8},"end":{"line":125,"column":37}},"60":{"start":{"line":128,"column":8},"end":{"line":128,"column":30}},"61":{"start":{"line":129,"column":8},"end":{"line":129,"column":61}},"62":{"start":{"line":133,"column":8},"end":{"line":133,"column":29}},"63":{"start":{"line":134,"column":8},"end":{"line":134,"column":27}},"64":{"start":{"line":137,"column":8},"end":{"line":137,"column":30}},"65":{"start":{"line":138,"column":8},"end":{"line":138,"column":41}},"66":{"start":{"line":139,"column":8},"end":{"line":139,"column":37}},"67":{"start":{"line":140,"column":8},"end":{"line":140,"column":27}},"68":{"start":{"line":143,"column":8},"end":{"line":143,"column":30}},"69":{"start":{"line":144,"column":8},"end":{"line":144,"column":38}},"70":{"start":{"line":145,"column":8},"end":{"line":145,"column":26}},"71":{"start":{"line":146,"column":8},"end":{"line":147,"column":79}},"72":{"start":{"line":151,"column":8},"end":{"line":151,"column":29}},"73":{"start":{"line":152,"column":8},"end":{"line":152,"column":27}},"74":{"start":{"line":155,"column":8},"end":{"line":155,"column":30}},"75":{"start":{"line":156,"column":8},"end":{"line":156,"column":41}},"76":{"start":{"line":159,"column":8},"end":{"line":159,"column":30}},"77":{"start":{"line":160,"column":8},"end":{"line":160,"column":74}},"78":{"start":{"line":164,"column":8},"end":{"line":164,"column":29}},"79":{"start":{"line":165,"column":8},"end":{"line":165,"column":27}},"80":{"start":{"line":168,"column":8},"end":{"line":168,"column":30}},"81":{"start":{"line":169,"column":8},"end":{"line":169,"column":36}},"82":{"start":{"line":170,"column":8},"end":{"line":170,"column":48}},"83":{"start":{"line":171,"column":8},"end":{"line":171,"column":26}},"84":{"start":{"line":172,"column":8},"end":{"line":172,"column":38}},"85":{"start":{"line":175,"column":8},"end":{"line":175,"column":30}},"86":{"start":{"line":176,"column":8},"end":{"line":176,"column":62}},"87":{"start":{"line":181,"column":15},"end":{"line":181,"column":48}},"88":{"start":{"line":182,"column":0},"end":{"line":182,"column":33}}},"fnMap":{"0":{"name":"(anonymous_13)","decl":{"start":{"line":31,"column":2},"end":{"line":31,"column":9}},"loc":{"start":{"line":31,"column":28},"end":{"line":34,"column":null}}},"1":{"name":"(anonymous_14)","decl":{"start":{"line":31,"column":28},"end":{"line":31,"column":null}},"loc":{"start":{"line":31,"column":28},"end":{"line":34,"column":null}}},"2":{"name":"(anonymous_16)","decl":{"start":{"line":39,"column":2},"end":{"line":39,"column":9}},"loc":{"start":{"line":39,"column":25},"end":{"line":42,"column":null}}},"3":{"name":"(anonymous_17)","decl":{"start":{"line":39,"column":25},"end":{"line":39,"column":null}},"loc":{"start":{"line":39,"column":25},"end":{"line":42,"column":null}}},"4":{"name":"(anonymous_19)","decl":{"start":{"line":47,"column":2},"end":{"line":47,"column":9}},"loc":{"start":{"line":47,"column":31},"end":{"line":66,"column":null}}},"5":{"name":"(anonymous_22)","decl":{"start":{"line":71,"column":2},"end":{"line":71,"column":9}},"loc":{"start":{"line":71,"column":29},"end":{"line":74,"column":null}}},"6":{"name":"(anonymous_23)","decl":{"start":{"line":71,"column":29},"end":{"line":71,"column":null}},"loc":{"start":{"line":71,"column":29},"end":{"line":74,"column":null}}},"7":{"name":"(anonymous_25)","decl":{"start":{"line":77,"column":62},"end":{"line":77,"column":null}},"loc":{"start":{"line":77,"column":62},"end":{"line":79,"column":2}}},"8":{"name":"(anonymous_28)","decl":{"start":{"line":85,"column":16},"end":{"line":85,"column":17}},"loc":{"start":{"line":85,"column":22},"end":{"line":87,"column":5}}},"9":{"name":"(anonymous_29)","decl":{"start":{"line":89,"column":17},"end":{"line":89,"column":18}},"loc":{"start":{"line":89,"column":25},"end":{"line":178,"column":3}}},"10":{"name":"(anonymous_30)","decl":{"start":{"line":92,"column":37},"end":{"line":92,"column":38}},"loc":{"start":{"line":92,"column":43},"end":{"line":95,"column":7}}},"11":{"name":"(anonymous_31)","decl":{"start":{"line":96,"column":39},"end":{"line":96,"column":40}},"loc":{"start":{"line":96,"column":53},"end":{"line":106,"column":7}}},"12":{"name":"(anonymous_32)","decl":{"start":{"line":107,"column":38},"end":{"line":107,"column":39}},"loc":{"start":{"line":107,"column":52},"end":{"line":110,"column":7}}},"13":{"name":"(anonymous_33)","decl":{"start":{"line":112,"column":34},"end":{"line":112,"column":35}},"loc":{"start":{"line":112,"column":40},"end":{"line":115,"column":7}}},"14":{"name":"(anonymous_34)","decl":{"start":{"line":116,"column":36},"end":{"line":116,"column":37}},"loc":{"start":{"line":116,"column":50},"end":{"line":126,"column":7}}},"15":{"name":"(anonymous_35)","decl":{"start":{"line":127,"column":35},"end":{"line":127,"column":36}},"loc":{"start":{"line":127,"column":49},"end":{"line":130,"column":7}}},"16":{"name":"(anonymous_36)","decl":{"start":{"line":132,"column":32},"end":{"line":132,"column":33}},"loc":{"start":{"line":132,"column":38},"end":{"line":135,"column":7}}},"17":{"name":"(anonymous_37)","decl":{"start":{"line":136,"column":34},"end":{"line":136,"column":35}},"loc":{"start":{"line":136,"column":48},"end":{"line":141,"column":7}}},"18":{"name":"(anonymous_38)","decl":{"start":{"line":142,"column":33},"end":{"line":142,"column":34}},"loc":{"start":{"line":142,"column":47},"end":{"line":148,"column":7}}},"19":{"name":"(anonymous_39)","decl":{"start":{"line":150,"column":35},"end":{"line":150,"column":36}},"loc":{"start":{"line":150,"column":41},"end":{"line":153,"column":7}}},"20":{"name":"(anonymous_40)","decl":{"start":{"line":154,"column":37},"end":{"line":154,"column":38}},"loc":{"start":{"line":154,"column":51},"end":{"line":157,"column":7}}},"21":{"name":"(anonymous_41)","decl":{"start":{"line":158,"column":36},"end":{"line":158,"column":37}},"loc":{"start":{"line":158,"column":50},"end":{"line":161,"column":7}}},"22":{"name":"(anonymous_42)","decl":{"start":{"line":163,"column":35},"end":{"line":163,"column":36}},"loc":{"start":{"line":163,"column":41},"end":{"line":166,"column":7}}},"23":{"name":"(anonymous_43)","decl":{"start":{"line":167,"column":37},"end":{"line":167,"column":38}},"loc":{"start":{"line":167,"column":43},"end":{"line":173,"column":7}}},"24":{"name":"(anonymous_44)","decl":{"start":{"line":174,"column":36},"end":{"line":174,"column":37}},"loc":{"start":{"line":174,"column":50},"end":{"line":177,"column":7}}}},"branchMap":{"0":{"loc":{"start":{"line":32,"column":21},"end":{"line":32,"column":null}},"type":"switch","locations":[{"start":{"line":32,"column":21},"end":{"line":32,"column":null}}]},"1":{"loc":{"start":{"line":40,"column":21},"end":{"line":40,"column":null}},"type":"switch","locations":[{"start":{"line":40,"column":21},"end":{"line":40,"column":null}}]},"2":{"loc":{"start":{"line":64,"column":6},"end":{"line":64,"column":51}},"type":"switch","locations":[{"start":{"line":64,"column":6},"end":{"line":64,"column":51}}]},"3":{"loc":{"start":{"line":53,"column":10},"end":{"line":53,"column":27}},"type":"if","locations":[{"start":{"line":53,"column":10},"end":{"line":53,"column":27}}]},"4":{"loc":{"start":{"line":72,"column":21},"end":{"line":72,"column":null}},"type":"switch","locations":[{"start":{"line":72,"column":21},"end":{"line":72,"column":null}}]},"5":{"loc":{"start":{"line":78,"column":2},"end":{"line":78,"column":20}},"type":"switch","locations":[{"start":{"line":78,"column":2},"end":{"line":78,"column":20}}]},"6":{"loc":{"start":{"line":98,"column":8},"end":{"line":100,"column":9}},"type":"if","locations":[{"start":{"line":98,"column":8},"end":{"line":100,"column":9}}]},"7":{"loc":{"start":{"line":101,"column":8},"end":{"line":103,"column":9}},"type":"if","locations":[{"start":{"line":101,"column":8},"end":{"line":103,"column":9}}]},"8":{"loc":{"start":{"line":109,"column":22},"end":{"line":109,"column":66}},"type":"binary-expr","locations":[{"start":{"line":109,"column":22},"end":{"line":109,"column":42}},{"start":{"line":109,"column":46},"end":{"line":109,"column":66}}]},"9":{"loc":{"start":{"line":118,"column":8},"end":{"line":120,"column":9}},"type":"if","locations":[{"start":{"line":118,"column":8},"end":{"line":120,"column":9}}]},"10":{"loc":{"start":{"line":121,"column":8},"end":{"line":123,"column":9}},"type":"if","locations":[{"start":{"line":121,"column":8},"end":{"line":123,"column":9}}]},"11":{"loc":{"start":{"line":129,"column":22},"end":{"line":129,"column":60}},"type":"binary-expr","locations":[{"start":{"line":129,"column":22},"end":{"line":129,"column":42}},{"start":{"line":129,"column":46},"end":{"line":129,"column":60}}]},"12":{"loc":{"start":{"line":147,"column":11},"end":{"line":147,"column":78}},"type":"binary-expr","locations":[{"start":{"line":147,"column":11},"end":{"line":147,"column":36}},{"start":{"line":147,"column":40},"end":{"line":147,"column":78}}]},"13":{"loc":{"start":{"line":160,"column":22},"end":{"line":160,"column":73}},"type":"binary-expr","locations":[{"start":{"line":160,"column":22},"end":{"line":160,"column":42}},{"start":{"line":160,"column":46},"end":{"line":160,"column":73}}]},"14":{"loc":{"start":{"line":176,"column":22},"end":{"line":176,"column":61}},"type":"binary-expr","locations":[{"start":{"line":176,"column":22},"end":{"line":176,"column":42}},{"start":{"line":176,"column":46},"end":{"line":176,"column":61}}]}},"s":{"0":1,"1":1,"2":1,"3":1,"4":1,"5":0,"6":0,"7":0,"8":0,"9":1,"10":0,"11":0,"12":0,"13":0,"14":1,"15":0,"16":0,"17":0,"18":0,"19":0,"20":0,"21":0,"22":0,"23":0,"24":0,"25":0,"26":0,"27":0,"28":0,"29":1,"30":0,"31":0,"32":0,"33":0,"34":1,"35":0,"36":0,"37":1,"38":0,"39":1,"40":0,"41":0,"42":0,"43":0,"44":0,"45":0,"46":0,"47":0,"48":0,"49":0,"50":0,"51":0,"52":0,"53":0,"54":0,"55":0,"56":0,"57":0,"58":0,"59":0,"60":0,"61":0,"62":0,"63":0,"64":0,"65":0,"66":0,"67":0,"68":0,"69":0,"70":0,"71":0,"72":0,"73":0,"74":0,"75":0,"76":0,"77":0,"78":0,"79":0,"80":0,"81":0,"82":0,"83":0,"84":0,"85":0,"86":0,"87":1,"88":1},"f":{"0":0,"1":0,"2":0,"3":0,"4":0,"5":0,"6":0,"7":0,"8":0,"9":1,"10":0,"11":0,"12":0,"13":0,"14":0,"15":0,"16":0,"17":0,"18":0,"19":0,"20":0,"21":0,"22":0,"23":0,"24":0},"b":{"0":[0],"1":[0],"2":[0],"3":[0],"4":[0],"5":[0],"6":[0],"7":[0],"8":[0,0],"9":[0],"10":[0],"11":[0,0],"12":[0,0],"13":[0,0],"14":[0,0]}}
,"C:\\Users\\user\\stellar-burgers\\src\\services\\slices\\constructor-slice.ts": {"path":"C:\\Users\\user\\stellar-burgers\\src\\services\\slices\\constructor-slice.ts","statementMap":{"0":{"start":{"line":1,"column":0},"end":{"line":1,"column":62}},"1":{"start":{"line":9,"column":39},"end":{"line":12,"column":2}},"2":{"start":{"line":14,"column":25},"end":{"line":52,"column":2}},"3":{"start":{"line":23,"column":8},"end":{"line":27,"column":9}},"4":{"start":{"line":24,"column":10},"end":{"line":24,"column":37}},"5":{"start":{"line":26,"column":10},"end":{"line":26,"column":49}},"6":{"start":{"line":30,"column":8},"end":{"line":30,"column":39}},"7":{"start":{"line":34,"column":6},"end":{"line":36,"column":8}},"8":{"start":{"line":35,"column":24},"end":{"line":35,"column":null}},"9":{"start":{"line":42,"column":40},"end":{"line":42,"column":54}},"10":{"start":{"line":42,"column":23},"end":{"line":42,"column":25}},"11":{"start":{"line":42,"column":35},"end":{"line":42,"column":40}},"12":{"start":{"line":43,"column":32},"end":{"line":43,"column":60}},"13":{"start":{"line":44,"column":6},"end":{"line":44,"column":45}},"14":{"start":{"line":45,"column":6},"end":{"line":45,"column":65}},"15":{"start":{"line":48,"column":6},"end":{"line":48,"column":23}},"16":{"start":{"line":49,"column":6},"end":{"line":49,"column":29}},"17":{"start":{"line":55,"column":2},"end":{"line":58,"column":null}},"18":{"start":{"line":61,"column":0},"end":{"line":61,"column":40}}},"fnMap":{"0":{"name":"(anonymous_0)","decl":{"start":{"line":19,"column":13},"end":{"line":19,"column":null}},"loc":{"start":{"line":21,"column":53},"end":{"line":28,"column":7}}},"1":{"name":"(anonymous_1)","decl":{"start":{"line":29,"column":13},"end":{"line":29,"column":14}},"loc":{"start":{"line":29,"column":48},"end":{"line":31,"column":7}}},"2":{"name":"(anonymous_2)","decl":{"start":{"line":33,"column":20},"end":{"line":33,"column":21}},"loc":{"start":{"line":33,"column":75},"end":{"line":37,"column":5}}},"3":{"name":"(anonymous_3)","decl":{"start":{"line":35,"column":8},"end":{"line":35,"column":9}},"loc":{"start":{"line":35,"column":19},"end":{"line":35,"column":34}}},"4":{"name":"(anonymous_4)","decl":{"start":{"line":38,"column":18},"end":{"line":38,"column":null}},"loc":{"start":{"line":40,"column":70},"end":{"line":46,"column":5}}},"5":{"name":"(anonymous_5)","decl":{"start":{"line":47,"column":20},"end":{"line":47,"column":21}},"loc":{"start":{"line":47,"column":44},"end":{"line":50,"column":5}}}},"branchMap":{"0":{"loc":{"start":{"line":23,"column":8},"end":{"line":27,"column":9}},"type":"if","locations":[{"start":{"line":23,"column":8},"end":{"line":27,"column":9}},{"start":{"line":25,"column":15},"end":{"line":27,"column":9}}]}},"s":{"0":2,"1":2,"2":2,"3":6,"4":2,"5":4,"6":6,"7":3,"8":3,"9":3,"10":3,"11":3,"12":3,"13":3,"14":3,"15":2,"16":2,"17":2,"18":2},"f":{"0":6,"1":6,"2":3,"3":3,"4":3,"5":2},"b":{"0":[2,4]}}
,"C:\\Users\\user\\stellar-burgers\\src\\services\\slices\\index.ts": {"path":"C:\\Users\\user\\stellar-burgers\\src\\services\\slices\\index.ts","statementMap":{"0":{"start":{"line":1,"column":0},"end":{"line":1,"column":51}},"1":{"start":{"line":2,"column":0},"end":{"line":2,"column":53}},"2":{"start":{"line":3,"column":0},"end":{"line":3,"column":43}},"3":{"start":{"line":4,"column":0},"end":{"line":4,"column":39}},"4":{"start":{"line":5,"column":0},"end":{"line":5,"column":53}},"5":{"start":{"line":7,"column":13},"end":{"line":12,"column":3}},"6":{"start":{"line":14,"column":0},"end":{"line":14,"column":27}}},"fnMap":{},"branchMap":{},"s":{"0":1,"1":1,"2":1,"3":1,"4":1,"5":1,"6":1},"f":{},"b":{}}
,"C:\\Users\\user\\stellar-burgers\\src\\services\\slices\\ingredients-slice.ts": {"path":"C:\\Users\\user\\stellar-burgers\\src\\services\\slices\\ingredients-slice.ts","statementMap":{"0":{"start":{"line":1,"column":0},"end":{"line":1,"column":65}},"1":{"start":{"line":3,"column":0},"end":{"line":3,"column":59}},"2":{"start":{"line":11,"column":39},"end":{"line":15,"column":2}},"3":{"start":{"line":17,"column":13},"end":{"line":23,"column":2}},"4":{"start":{"line":19,"column":2},"end":{"line":22,"column":null}},"5":{"start":{"line":20,"column":24},"end":{"line":20,"column":null}},"6":{"start":{"line":20,"column":10},"end":{"line":20,"column":null}},"7":{"start":{"line":21,"column":4},"end":{"line":21,"column":23}},"8":{"start":{"line":25,"column":25},"end":{"line":44,"column":2}},"9":{"start":{"line":30,"column":4},"end":{"line":42,"column":9}},"10":{"start":{"line":32,"column":8},"end":{"line":32,"column":29}},"11":{"start":{"line":33,"column":8},"end":{"line":33,"column":27}},"12":{"start":{"line":36,"column":8},"end":{"line":36,"column":30}},"13":{"start":{"line":37,"column":8},"end":{"line":37,"column":43}},"14":{"start":{"line":40,"column":8},"end":{"line":40,"column":30}},"15":{"start":{"line":41,"column":8},"end":{"line":41,"column":77}},"16":{"start":{"line":46,"column":0},"end":{"line":46,"column":40}}},"fnMap":{"0":{"name":"(anonymous_13)","decl":{"start":{"line":19,"column":2},"end":{"line":19,"column":null}},"loc":{"start":{"line":19,"column":2},"end":{"line":22,"column":null}}},"1":{"name":"(anonymous_16)","decl":{"start":{"line":29,"column":17},"end":{"line":29,"column":18}},"loc":{"start":{"line":29,"column":25},"end":{"line":43,"column":3}}},"2":{"name":"(anonymous_17)","decl":{"start":{"line":31,"column":41},"end":{"line":31,"column":42}},"loc":{"start":{"line":31,"column":47},"end":{"line":34,"column":7}}},"3":{"name":"(anonymous_18)","decl":{"start":{"line":35,"column":43},"end":{"line":35,"column":44}},"loc":{"start":{"line":35,"column":57},"end":{"line":38,"column":7}}},"4":{"name":"(anonymous_19)","decl":{"start":{"line":39,"column":42},"end":{"line":39,"column":43}},"loc":{"start":{"line":39,"column":56},"end":{"line":42,"column":7}}}},"branchMap":{"0":{"loc":{"start":{"line":20,"column":24},"end":{"line":20,"column":null}},"type":"switch","locations":[{"start":{"line":20,"column":24},"end":{"line":20,"column":null}}]},"1":{"loc":{"start":{"line":41,"column":22},"end":{"line":41,"column":76}},"type":"binary-expr","locations":[{"start":{"line":41,"column":22},"end":{"line":41,"column":42}},{"start":{"line":41,"column":46},"end":{"line":41,"column":76}}]}},"s":{"0":2,"1":2,"2":2,"3":2,"4":0,"5":0,"6":0,"7":0,"8":2,"9":2,"10":4,"11":4,"12":3,"13":3,"14":4,"15":4,"16":2},"f":{"0":0,"1":2,"2":4,"3":3,"4":4},"b":{"0":[0],"1":[4,1]}}
,"C:\\Users\\user\\stellar-burgers\\src\\services\\slices\\orders-slice.ts": {"path":"C:\\Users\\user\\stellar-burgers\\src\\services\\slices\\orders-slice.ts","statementMap":{"0":{"start":{"line":1,"column":0},"end":{"line":1,"column":65}},"1":{"start":{"line":3,"column":0},"end":{"line":3,"column":null}},"2":{"start":{"line":20,"column":34},"end":{"line":28,"column":2}},"3":{"start":{"line":30,"column":13},"end":{"line":36,"column":2}},"4":{"start":{"line":32,"column":2},"end":{"line":35,"column":null}},"5":{"start":{"line":33,"column":21},"end":{"line":33,"column":null}},"6":{"start":{"line":33,"column":10},"end":{"line":33,"column":null}},"7":{"start":{"line":34,"column":4},"end":{"line":34,"column":20}},"8":{"start":{"line":38,"column":13},"end":{"line":44,"column":2}},"9":{"start":{"line":40,"column":2},"end":{"line":43,"column":null}},"10":{"start":{"line":41,"column":21},"end":{"line":41,"column":null}},"11":{"start":{"line":41,"column":10},"end":{"line":41,"column":null}},"12":{"start":{"line":42,"column":4},"end":{"line":42,"column":20}},"13":{"start":{"line":46,"column":13},"end":{"line":52,"column":2}},"14":{"start":{"line":48,"column":23},"end":{"line":51,"column":null}},"15":{"start":{"line":49,"column":21},"end":{"line":49,"column":null}},"16":{"start":{"line":49,"column":10},"end":{"line":49,"column":null}},"17":{"start":{"line":50,"column":4},"end":{"line":50,"column":20}},"18":{"start":{"line":54,"column":13},"end":{"line":60,"column":2}},"19":{"start":{"line":56,"column":30},"end":{"line":59,"column":null}},"20":{"start":{"line":57,"column":21},"end":{"line":57,"column":null}},"21":{"start":{"line":57,"column":10},"end":{"line":57,"column":null}},"22":{"start":{"line":58,"column":4},"end":{"line":58,"column":20}},"23":{"start":{"line":62,"column":20},"end":{"line":132,"column":2}},"24":{"start":{"line":67,"column":6},"end":{"line":67,"column":32}},"25":{"start":{"line":71,"column":4},"end":{"line":130,"column":9}},"26":{"start":{"line":74,"column":8},"end":{"line":74,"column":29}},"27":{"start":{"line":75,"column":8},"end":{"line":75,"column":27}},"28":{"start":{"line":78,"column":8},"end":{"line":78,"column":30}},"29":{"start":{"line":79,"column":8},"end":{"line":79,"column":49}},"30":{"start":{"line":80,"column":8},"end":{"line":80,"column":43}},"31":{"start":{"line":81,"column":8},"end":{"line":81,"column":53}},"32":{"start":{"line":84,"column":8},"end":{"line":84,"column":30}},"33":{"start":{"line":85,"column":8},"end":{"line":85,"column":78}},"34":{"start":{"line":89,"column":8},"end":{"line":89,"column":29}},"35":{"start":{"line":90,"column":8},"end":{"line":90,"column":27}},"36":{"start":{"line":93,"column":8},"end":{"line":93,"column":30}},"37":{"start":{"line":94,"column":8},"end":{"line":94,"column":42}},"38":{"start":{"line":97,"column":8},"end":{"line":97,"column":30}},"39":{"start":{"line":98,"column":8},"end":{"line":99,"column":73}},"40":{"start":{"line":103,"column":8},"end":{"line":103,"column":29}},"41":{"start":{"line":104,"column":8},"end":{"line":104,"column":27}},"42":{"start":{"line":107,"column":8},"end":{"line":107,"column":30}},"43":{"start":{"line":108,"column":8},"end":{"line":112,"column":9}},"44":{"start":{"line":109,"column":10},"end":{"line":109,"column":52}},"45":{"start":{"line":111,"column":10},"end":{"line":111,"column":53}},"46":{"start":{"line":115,"column":8},"end":{"line":115,"column":30}},"47":{"start":{"line":116,"column":8},"end":{"line":116,"column":71}},"48":{"start":{"line":120,"column":8},"end":{"line":120,"column":29}},"49":{"start":{"line":121,"column":8},"end":{"line":121,"column":27}},"50":{"start":{"line":124,"column":8},"end":{"line":124,"column":30}},"51":{"start":{"line":125,"column":8},"end":{"line":125,"column":62}},"52":{"start":{"line":128,"column":8},"end":{"line":128,"column":30}},"53":{"start":{"line":129,"column":8},"end":{"line":129,"column":71}},"54":{"start":{"line":134,"column":15},"end":{"line":134,"column":57}},"55":{"start":{"line":135,"column":0},"end":{"line":135,"column":35}}},"fnMap":{"0":{"name":"(anonymous_13)","decl":{"start":{"line":32,"column":2},"end":{"line":32,"column":null}},"loc":{"start":{"line":32,"column":2},"end":{"line":35,"column":null}}},"1":{"name":"(anonymous_16)","decl":{"start":{"line":40,"column":2},"end":{"line":40,"column":null}},"loc":{"start":{"line":40,"column":2},"end":{"line":43,"column":null}}},"2":{"name":"(anonymous_19)","decl":{"start":{"line":48,"column":2},"end":{"line":48,"column":9}},"loc":{"start":{"line":48,"column":23},"end":{"line":51,"column":null}}},"3":{"name":"(anonymous_20)","decl":{"start":{"line":48,"column":23},"end":{"line":48,"column":null}},"loc":{"start":{"line":48,"column":23},"end":{"line":51,"column":null}}},"4":{"name":"(anonymous_22)","decl":{"start":{"line":56,"column":2},"end":{"line":56,"column":9}},"loc":{"start":{"line":56,"column":30},"end":{"line":59,"column":null}}},"5":{"name":"(anonymous_23)","decl":{"start":{"line":56,"column":30},"end":{"line":56,"column":null}},"loc":{"start":{"line":56,"column":30},"end":{"line":59,"column":null}}},"6":{"name":"(anonymous_25)","decl":{"start":{"line":66,"column":23},"end":{"line":66,"column":24}},"loc":{"start":{"line":66,"column":29},"end":{"line":68,"column":5}}},"7":{"name":"(anonymous_26)","decl":{"start":{"line":70,"column":17},"end":{"line":70,"column":18}},"loc":{"start":{"line":70,"column":25},"end":{"line":131,"column":3}}},"8":{"name":"(anonymous_27)","decl":{"start":{"line":73,"column":40},"end":{"line":73,"column":41}},"loc":{"start":{"line":73,"column":46},"end":{"line":76,"column":7}}},"9":{"name":"(anonymous_28)","decl":{"start":{"line":77,"column":42},"end":{"line":77,"column":43}},"loc":{"start":{"line":77,"column":56},"end":{"line":82,"column":7}}},"10":{"name":"(anonymous_29)","decl":{"start":{"line":83,"column":41},"end":{"line":83,"column":42}},"loc":{"start":{"line":83,"column":55},"end":{"line":86,"column":7}}},"11":{"name":"(anonymous_30)","decl":{"start":{"line":88,"column":40},"end":{"line":88,"column":41}},"loc":{"start":{"line":88,"column":46},"end":{"line":91,"column":7}}},"12":{"name":"(anonymous_31)","decl":{"start":{"line":92,"column":42},"end":{"line":92,"column":43}},"loc":{"start":{"line":92,"column":56},"end":{"line":95,"column":7}}},"13":{"name":"(anonymous_32)","decl":{"start":{"line":96,"column":41},"end":{"line":96,"column":42}},"loc":{"start":{"line":96,"column":55},"end":{"line":100,"column":7}}},"14":{"name":"(anonymous_33)","decl":{"start":{"line":102,"column":36},"end":{"line":102,"column":37}},"loc":{"start":{"line":102,"column":42},"end":{"line":105,"column":7}}},"15":{"name":"(anonymous_34)","decl":{"start":{"line":106,"column":38},"end":{"line":106,"column":39}},"loc":{"start":{"line":106,"column":52},"end":{"line":113,"column":7}}},"16":{"name":"(anonymous_35)","decl":{"start":{"line":114,"column":37},"end":{"line":114,"column":38}},"loc":{"start":{"line":114,"column":51},"end":{"line":117,"column":7}}},"17":{"name":"(anonymous_36)","decl":{"start":{"line":119,"column":43},"end":{"line":119,"column":44}},"loc":{"start":{"line":119,"column":49},"end":{"line":122,"column":7}}},"18":{"name":"(anonymous_37)","decl":{"start":{"line":123,"column":45},"end":{"line":123,"column":46}},"loc":{"start":{"line":123,"column":59},"end":{"line":126,"column":7}}},"19":{"name":"(anonymous_38)","decl":{"start":{"line":127,"column":44},"end":{"line":127,"column":45}},"loc":{"start":{"line":127,"column":58},"end":{"line":130,"column":7}}}},"branchMap":{"0":{"loc":{"start":{"line":33,"column":21},"end":{"line":33,"column":null}},"type":"switch","locations":[{"start":{"line":33,"column":21},"end":{"line":33,"column":null}}]},"1":{"loc":{"start":{"line":41,"column":21},"end":{"line":41,"column":null}},"type":"switch","locations":[{"start":{"line":41,"column":21},"end":{"line":41,"column":null}}]},"2":{"loc":{"start":{"line":49,"column":21},"end":{"line":49,"column":null}},"type":"switch","locations":[{"start":{"line":49,"column":21},"end":{"line":49,"column":null}}]},"3":{"loc":{"start":{"line":57,"column":21},"end":{"line":57,"column":null}},"type":"switch","locations":[{"start":{"line":57,"column":21},"end":{"line":57,"column":null}}]},"4":{"loc":{"start":{"line":85,"column":22},"end":{"line":85,"column":77}},"type":"binary-expr","locations":[{"start":{"line":85,"column":22},"end":{"line":85,"column":42}},{"start":{"line":85,"column":46},"end":{"line":85,"column":77}}]},"5":{"loc":{"start":{"line":99,"column":10},"end":{"line":99,"column":72}},"type":"binary-expr","locations":[{"start":{"line":99,"column":10},"end":{"line":99,"column":30}},{"start":{"line":99,"column":34},"end":{"line":99,"column":72}}]},"6":{"loc":{"start":{"line":108,"column":8},"end":{"line":112,"column":9}},"type":"if","locations":[{"start":{"line":108,"column":8},"end":{"line":112,"column":9}},{"start":{"line":110,"column":15},"end":{"line":112,"column":9}}]},"7":{"loc":{"start":{"line":108,"column":12},"end":{"line":108,"column":63}},"type":"binary-expr","locations":[{"start":{"line":108,"column":12},"end":{"line":108,"column":32}},{"start":{"line":108,"column":36},"end":{"line":108,"column":63}}]},"8":{"loc":{"start":{"line":116,"column":22},"end":{"line":116,"column":70}},"type":"binary-expr","locations":[{"start":{"line":116,"column":22},"end":{"line":116,"column":42}},{"start":{"line":116,"column":46},"end":{"line":116,"column":70}}]},"9":{"loc":{"start":{"line":125,"column":29},"end":{"line":125,"column":61}},"type":"binary-expr","locations":[{"start":{"line":125,"column":29},"end":{"line":125,"column":53}},{"start":{"line":125,"column":57},"end":{"line":125,"column":61}}]},"10":{"loc":{"start":{"line":129,"column":22},"end":{"line":129,"column":70}},"type":"binary-expr","locations":[{"start":{"line":129,"column":22},"end":{"line":129,"column":42}},{"start":{"line":129,"column":46},"end":{"line":129,"column":70}}]}},"s":{"0":1,"1":1,"2":1,"3":1,"4":0,"5":0,"6":0,"7":0,"8":1,"9":0,"10":0,"11":0,"12":0,"13":1,"14":0,"15":0,"16":0,"17":0,"18":1,"19":0,"20":0,"21":0,"22":0,"23":1,"24":0,"25":1,"26":0,"27":0,"28":0,"29":0,"30":0,"31":0,"32":0,"33":0,"34":0,"35":0,"36":0,"37":0,"38":0,"39":0,"40":0,"41":0,"42":0,"43":0,"44":0,"45":0,"46":0,"47":0,"48":0,"49":0,"50":0,"51":0,"52":0,"53":0,"54":1,"55":1},"f":{"0":0,"1":0,"2":0,"3":0,"4":0,"5":0,"6":0,"7":1,"8":0,"9":0,"10":0,"11":0,"12":0,"13":0,"14":0,"15":0,"16":0,"17":0,"18":0,"19":0},"b":{"0":[0],"1":[0],"2":[0],"3":[0],"4":[0,0],"5":[0,0],"6":[0,0],"7":[0,0],"8":[0,0],"9":[0,0],"10":[0,0]}}
,"C:\\Users\\user\\stellar-burgers\\src\\utils\\burger-api.ts": {"path":"C:\\Users\\user\\stellar-burgers\\src\\utils\\burger-api.ts","statementMap":{"0":{"start":{"line":1,"column":0},"end":{"line":1,"column":62}},"1":{"start":{"line":4,"column":12},"end":{"line":4,"column":38}},"2":{"start":{"line":6,"column":22},"end":{"line":7,"column":5}},"3":{"start":{"line":7,"column":2},"end":{"line":7,"column":70}},"4":{"start":{"line":7,"column":49},"end":{"line":7,"column":69}},"5":{"start":{"line":18,"column":28},"end":{"line":19,"column":7}},"6":{"start":{"line":19,"column":2},"end":{"line":41,"column":7}},"7":{"start":{"line":29,"column":6},"end":{"line":31,"column":7}},"8":{"start":{"line":30,"column":8},"end":{"line":30,"column":52}},"9":{"start":{"line":32,"column":6},"end":{"line":32,"column":50}},"10":{"start":{"line":35,"column":6},"end":{"line":37,"column":7}},"11":{"start":{"line":36,"column":8},"end":{"line":36,"column":43}},"12":{"start":{"line":38,"column":6},"end":{"line":38,"column":69}},"13":{"start":{"line":39,"column":6},"end":{"line":39,"column":56}},"14":{"start":{"line":40,"column":6},"end":{"line":40,"column":25}},"15":{"start":{"line":18,"column":13},"end":{"line":18,"column":28}},"16":{"start":{"line":43,"column":32},"end":{"line":74,"column":2}},"17":{"start":{"line":45,"column":22},"end":{"line":74,"column":2}},"18":{"start":{"line":48,"column":16},"end":{"line":48,"column":null}},"19":{"start":{"line":48,"column":10},"end":{"line":48,"column":null}},"20":{"start":{"line":49,"column":11},"end":{"line":49,"column":39}},"21":{"start":{"line":49,"column":4},"end":{"line":49,"column":39}},"22":{"start":{"line":51,"column":8},"end":{"line":51,"column":9}},"23":{"start":{"line":53,"column":28},"end":{"line":53,"column":null}},"24":{"start":{"line":53,"column":14},"end":{"line":53,"column":null}},"25":{"start":{"line":55,"column":14},"end":{"line":61,"column":10}},"26":{"start":{"line":62,"column":20},"end":{"line":62,"column":null}},"27":{"start":{"line":62,"column":14},"end":{"line":62,"column":null}},"28":{"start":{"line":63,"column":15},"end":{"line":63,"column":43}},"29":{"start":{"line":63,"column":8},"end":{"line":63,"column":43}},"30":{"start":{"line":66,"column":8},"end":{"line":66,"column":36}},"31":{"start":{"line":67,"column":8},"end":{"line":67,"column":48}},"32":{"start":{"line":68,"column":8},"end":{"line":68,"column":53}},"33":{"start":{"line":71,"column":6},"end":{"line":71,"column":33}},"34":{"start":{"line":43,"column":13},"end":{"line":43,"column":32}},"35":{"start":{"line":90,"column":33},"end":{"line":91,"column":7}},"36":{"start":{"line":91,"column":2},"end":{"line":96,"column":7}},"37":{"start":{"line":92,"column":19},"end":{"line":92,"column":60}},"38":{"start":{"line":94,"column":6},"end":{"line":94,"column":42}},"39":{"start":{"line":94,"column":25},"end":{"line":94,"column":42}},"40":{"start":{"line":95,"column":6},"end":{"line":95,"column":34}},"41":{"start":{"line":90,"column":13},"end":{"line":90,"column":33}},"42":{"start":{"line":98,"column":27},"end":{"line":99,"column":7}},"43":{"start":{"line":99,"column":2},"end":{"line":104,"column":7}},"44":{"start":{"line":100,"column":19},"end":{"line":100,"column":54}},"45":{"start":{"line":102,"column":6},"end":{"line":102,"column":37}},"46":{"start":{"line":102,"column":25},"end":{"line":102,"column":37}},"47":{"start":{"line":103,"column":6},"end":{"line":103,"column":34}},"48":{"start":{"line":98,"column":13},"end":{"line":98,"column":27}},"49":{"start":{"line":106,"column":28},"end":{"line":107,"column":18}},"50":{"start":{"line":107,"column":2},"end":{"line":116,"column":5}},"51":{"start":{"line":114,"column":4},"end":{"line":114,"column":42}},"52":{"start":{"line":114,"column":23},"end":{"line":114,"column":42}},"53":{"start":{"line":115,"column":4},"end":{"line":115,"column":32}},"54":{"start":{"line":106,"column":13},"end":{"line":106,"column":28}},"55":{"start":{"line":123,"column":30},"end":{"line":124,"column":18}},"56":{"start":{"line":124,"column":2},"end":{"line":136,"column":5}},"57":{"start":{"line":134,"column":4},"end":{"line":134,"column":35}},"58":{"start":{"line":134,"column":23},"end":{"line":134,"column":35}},"59":{"start":{"line":135,"column":4},"end":{"line":135,"column":32}},"60":{"start":{"line":123,"column":13},"end":{"line":123,"column":30}},"61":{"start":{"line":142,"column":35},"end":{"line":143,"column":7}},"62":{"start":{"line":143,"column":2},"end":{"line":153,"column":7}},"63":{"start":{"line":149,"column":19},"end":{"line":149,"column":54}},"64":{"start":{"line":151,"column":6},"end":{"line":151,"column":37}},"65":{"start":{"line":151,"column":25},"end":{"line":151,"column":37}},"66":{"start":{"line":152,"column":6},"end":{"line":152,"column":34}},"67":{"start":{"line":142,"column":13},"end":{"line":142,"column":35}},"68":{"start":{"line":167,"column":31},"end":{"line":168,"column":7}},"69":{"start":{"line":168,"column":2},"end":{"line":179,"column":7}},"70":{"start":{"line":175,"column":19},"end":{"line":175,"column":53}},"71":{"start":{"line":177,"column":6},"end":{"line":177,"column":37}},"72":{"start":{"line":177,"column":25},"end":{"line":177,"column":37}},"73":{"start":{"line":178,"column":6},"end":{"line":178,"column":34}},"74":{"start":{"line":167,"column":13},"end":{"line":167,"column":31}},"75":{"start":{"line":186,"column":28},"end":{"line":187,"column":7}},"76":{"start":{"line":187,"column":2},"end":{"line":198,"column":7}},"77":{"start":{"line":194,"column":19},"end":{"line":194,"column":53}},"78":{"start":{"line":196,"column":6},"end":{"line":196,"column":37}},"79":{"start":{"line":196,"column":25},"end":{"line":196,"column":37}},"80":{"start":{"line":197,"column":6},"end":{"line":197,"column":34}},"81":{"start":{"line":186,"column":13},"end":{"line":186,"column":28}},"82":{"start":{"line":200,"column":33},"end":{"line":201,"column":7}},"83":{"start":{"line":201,"column":2},"end":{"line":212,"column":7}},"84":{"start":{"line":208,"column":19},"end":{"line":208,"column":59}},"85":{"start":{"line":210,"column":6},"end":{"line":210,"column":37}},"86":{"start":{"line":210,"column":25},"end":{"line":210,"column":37}},"87":{"start":{"line":211,"column":6},"end":{"line":211,"column":34}},"88":{"start":{"line":200,"column":13},"end":{"line":200,"column":33}},"89":{"start":{"line":214,"column":32},"end":{"line":215,"column":7}},"90":{"start":{"line":215,"column":2},"end":{"line":226,"column":7}},"91":{"start":{"line":222,"column":19},"end":{"line":222,"column":59}},"92":{"start":{"line":224,"column":6},"end":{"line":224,"column":37}},"93":{"start":{"line":224,"column":25},"end":{"line":224,"column":37}},"94":{"start":{"line":225,"column":6},"end":{"line":225,"column":34}},"95":{"start":{"line":214,"column":13},"end":{"line":214,"column":32}},"96":{"start":{"line":230,"column":26},"end":{"line":231,"column":18}},"97":{"start":{"line":231,"column":2},"end":{"line":235,"column":5}},"98":{"start":{"line":230,"column":13},"end":{"line":230,"column":26}},"99":{"start":{"line":237,"column":29},"end":{"line":238,"column":18}},"100":{"start":{"line":238,"column":2},"end":{"line":245,"column":5}},"101":{"start":{"line":237,"column":13},"end":{"line":237,"column":29}},"102":{"start":{"line":247,"column":25},"end":{"line":248,"column":7}},"103":{"start":{"line":248,"column":2},"end":{"line":256,"column":60}},"104":{"start":{"line":256,"column":19},"end":{"line":256,"column":59}},"105":{"start":{"line":247,"column":13},"end":{"line":247,"column":25}}},"fnMap":{"0":{"name":"(anonymous_15)","decl":{"start":{"line":6,"column":22},"end":{"line":6,"column":26}},"loc":{"start":{"line":6,"column":39},"end":{"line":7,"column":5}}},"1":{"name":"(anonymous_16)","decl":{"start":{"line":7,"column":40},"end":{"line":7,"column":41}},"loc":{"start":{"line":7,"column":44},"end":{"line":7,"column":56}}},"2":{"name":"(anonymous_17)","decl":{"start":{"line":18,"column":28},"end":{"line":18,"column":null}},"loc":{"start":{"line":18,"column":28},"end":{"line":19,"column":7}}},"3":{"name":"(anonymous_18)","decl":{"start":{"line":28,"column":10},"end":{"line":28,"column":11}},"loc":{"start":{"line":28,"column":14},"end":{"line":33,"column":5}}},"4":{"name":"(anonymous_19)","decl":{"start":{"line":34,"column":10},"end":{"line":34,"column":11}},"loc":{"start":{"line":34,"column":22},"end":{"line":41,"column":5}}},"5":{"name":"(anonymous_20)","decl":{"start":{"line":43,"column":32},"end":{"line":43,"column":null}},"loc":{"start":{"line":45,"column":22},"end":{"line":74,"column":2}}},"6":{"name":"(anonymous_21)","decl":{"start":{"line":45,"column":22},"end":{"line":45,"column":null}},"loc":{"start":{"line":45,"column":22},"end":{"line":74,"column":2}}},"7":{"name":"(anonymous_23)","decl":{"start":{"line":90,"column":33},"end":{"line":90,"column":null}},"loc":{"start":{"line":90,"column":33},"end":{"line":91,"column":7}}},"8":{"name":"(anonymous_24)","decl":{"start":{"line":92,"column":10},"end":{"line":92,"column":11}},"loc":{"start":{"line":92,"column":14},"end":{"line":92,"column":32}}},"9":{"name":"(anonymous_25)","decl":{"start":{"line":93,"column":10},"end":{"line":93,"column":11}},"loc":{"start":{"line":93,"column":15},"end":{"line":96,"column":5}}},"10":{"name":"(anonymous_26)","decl":{"start":{"line":98,"column":27},"end":{"line":98,"column":null}},"loc":{"start":{"line":98,"column":27},"end":{"line":99,"column":7}}},"11":{"name":"(anonymous_27)","decl":{"start":{"line":100,"column":10},"end":{"line":100,"column":11}},"loc":{"start":{"line":100,"column":14},"end":{"line":100,"column":32}}},"12":{"name":"(anonymous_28)","decl":{"start":{"line":101,"column":10},"end":{"line":101,"column":11}},"loc":{"start":{"line":101,"column":15},"end":{"line":104,"column":5}}},"13":{"name":"(anonymous_29)","decl":{"start":{"line":106,"column":28},"end":{"line":106,"column":null}},"loc":{"start":{"line":106,"column":28},"end":{"line":107,"column":18}}},"14":{"name":"(anonymous_30)","decl":{"start":{"line":113,"column":10},"end":{"line":113,"column":11}},"loc":{"start":{"line":113,"column":15},"end":{"line":116,"column":3}}},"15":{"name":"(anonymous_31)","decl":{"start":{"line":123,"column":30},"end":{"line":123,"column":31}},"loc":{"start":{"line":123,"column":45},"end":{"line":124,"column":18}}},"16":{"name":"(anonymous_32)","decl":{"start":{"line":133,"column":10},"end":{"line":133,"column":11}},"loc":{"start":{"line":133,"column":15},"end":{"line":136,"column":3}}},"17":{"name":"(anonymous_33)","decl":{"start":{"line":142,"column":35},"end":{"line":142,"column":36}},"loc":{"start":{"line":142,"column":50},"end":{"line":143,"column":7}}},"18":{"name":"(anonymous_34)","decl":{"start":{"line":149,"column":10},"end":{"line":149,"column":11}},"loc":{"start":{"line":149,"column":14},"end":{"line":149,"column":32}}},"19":{"name":"(anonymous_35)","decl":{"start":{"line":150,"column":10},"end":{"line":150,"column":11}},"loc":{"start":{"line":150,"column":15},"end":{"line":153,"column":5}}},"20":{"name":"(anonymous_36)","decl":{"start":{"line":167,"column":31},"end":{"line":167,"column":32}},"loc":{"start":{"line":167,"column":51},"end":{"line":168,"column":7}}},"21":{"name":"(anonymous_37)","decl":{"start":{"line":175,"column":10},"end":{"line":175,"column":11}},"loc":{"start":{"line":175,"column":14},"end":{"line":175,"column":32}}},"22":{"name":"(anonymous_38)","decl":{"start":{"line":176,"column":10},"end":{"line":176,"column":11}},"loc":{"start":{"line":176,"column":15},"end":{"line":179,"column":5}}},"23":{"name":"(anonymous_39)","decl":{"start":{"line":186,"column":28},"end":{"line":186,"column":29}},"loc":{"start":{"line":186,"column":45},"end":{"line":187,"column":7}}},"24":{"name":"(anonymous_40)","decl":{"start":{"line":194,"column":10},"end":{"line":194,"column":11}},"loc":{"start":{"line":194,"column":14},"end":{"line":194,"column":32}}},"25":{"name":"(anonymous_41)","decl":{"start":{"line":195,"column":10},"end":{"line":195,"column":11}},"loc":{"start":{"line":195,"column":15},"end":{"line":198,"column":5}}},"26":{"name":"(anonymous_42)","decl":{"start":{"line":200,"column":33},"end":{"line":200,"column":34}},"loc":{"start":{"line":200,"column":57},"end":{"line":201,"column":7}}},"27":{"name":"(anonymous_43)","decl":{"start":{"line":208,"column":10},"end":{"line":208,"column":11}},"loc":{"start":{"line":208,"column":14},"end":{"line":208,"column":32}}},"28":{"name":"(anonymous_44)","decl":{"start":{"line":209,"column":10},"end":{"line":209,"column":11}},"loc":{"start":{"line":209,"column":15},"end":{"line":212,"column":5}}},"29":{"name":"(anonymous_45)","decl":{"start":{"line":214,"column":32},"end":{"line":214,"column":33}},"loc":{"start":{"line":214,"column":74},"end":{"line":215,"column":7}}},"30":{"name":"(anonymous_46)","decl":{"start":{"line":222,"column":10},"end":{"line":222,"column":11}},"loc":{"start":{"line":222,"column":14},"end":{"line":222,"column":32}}},"31":{"name":"(anonymous_47)","decl":{"start":{"line":223,"column":10},"end":{"line":223,"column":11}},"loc":{"start":{"line":223,"column":15},"end":{"line":226,"column":5}}},"32":{"name":"(anonymous_48)","decl":{"start":{"line":230,"column":26},"end":{"line":230,"column":null}},"loc":{"start":{"line":230,"column":26},"end":{"line":231,"column":18}}},"33":{"name":"(anonymous_49)","decl":{"start":{"line":237,"column":29},"end":{"line":237,"column":30}},"loc":{"start":{"line":237,"column":58},"end":{"line":238,"column":18}}},"34":{"name":"(anonymous_50)","decl":{"start":{"line":247,"column":25},"end":{"line":247,"column":null}},"loc":{"start":{"line":247,"column":25},"end":{"line":248,"column":7}}},"35":{"name":"(anonymous_51)","decl":{"start":{"line":256,"column":10},"end":{"line":256,"column":11}},"loc":{"start":{"line":256,"column":14},"end":{"line":256,"column":32}}}},"branchMap":{"0":{"loc":{"start":{"line":7,"column":2},"end":{"line":7,"column":69}},"type":"cond-expr","locations":[{"start":{"line":7,"column":11},"end":{"line":7,"column":21}},{"start":{"line":7,"column":24},"end":{"line":7,"column":69}}]},"1":{"loc":{"start":{"line":29,"column":6},"end":{"line":31,"column":7}},"type":"if","locations":[{"start":{"line":29,"column":6},"end":{"line":31,"column":7}}]},"2":{"loc":{"start":{"line":35,"column":6},"end":{"line":37,"column":7}},"type":"if","locations":[{"start":{"line":35,"column":6},"end":{"line":37,"column":7}}]},"3":{"loc":{"start":{"line":49,"column":4},"end":{"line":49,"column":39}},"type":"switch","locations":[{"start":{"line":49,"column":4},"end":{"line":49,"column":39}},{"start":{"line":63,"column":8},"end":{"line":63,"column":43}},{"start":{"line":71,"column":6},"end":{"line":71,"column":33}}]},"4":{"loc":{"start":{"line":51,"column":8},"end":{"line":51,"column":9}},"type":"if","locations":[{"start":{"line":51,"column":8},"end":{"line":51,"column":9}}]},"5":{"loc":{"start":{"line":94,"column":6},"end":{"line":94,"column":42}},"type":"if","locations":[{"start":{"line":94,"column":6},"end":{"line":94,"column":42}}]},"6":{"loc":{"start":{"line":94,"column":10},"end":{"line":94,"column":23}},"type":"cond-expr","locations":[{"start":{"line":94,"column":14},"end":{"line":94,"column":16}},{"start":{"line":94,"column":10},"end":{"line":94,"column":23}}]},"7":{"loc":{"start":{"line":94,"column":10},"end":{"line":94,"column":16}},"type":"binary-expr","locations":[{"start":{"line":94,"column":10},"end":{"line":94,"column":16}},{"start":{"line":94,"column":10},"end":{"line":94,"column":16}}]},"8":{"loc":{"start":{"line":102,"column":6},"end":{"line":102,"column":37}},"type":"if","locations":[{"start":{"line":102,"column":6},"end":{"line":102,"column":37}}]},"9":{"loc":{"start":{"line":102,"column":10},"end":{"line":102,"column":23}},"type":"cond-expr","locations":[{"start":{"line":102,"column":14},"end":{"line":102,"column":16}},{"start":{"line":102,"column":10},"end":{"line":102,"column":23}}]},"10":{"loc":{"start":{"line":102,"column":10},"end":{"line":102,"column":16}},"type":"binary-expr","locations":[{"start":{"line":102,"column":10},"end":{"line":102,"column":16}},{"start":{"line":102,"column":10},"end":{"line":102,"column":16}}]},"11":{"loc":{"start":{"line":111,"column":21},"end":{"line":111,"column":51}},"type":"binary-expr","locations":[{"start":{"line":111,"column":21},"end":{"line":111,"column":45}},{"start":{"line":111,"column":49},"end":{"line":111,"column":51}}]},"12":{"loc":{"start":{"line":114,"column":4},"end":{"line":114,"column":42}},"type":"if","locations":[{"start":{"line":114,"column":4},"end":{"line":114,"column":42}}]},"13":{"loc":{"start":{"line":114,"column":8},"end":{"line":114,"column":21}},"type":"cond-expr","locations":[{"start":{"line":114,"column":12},"end":{"line":114,"column":14}},{"start":{"line":114,"column":8},"end":{"line":114,"column":21}}]},"14":{"loc":{"start":{"line":114,"column":8},"end":{"line":114,"column":14}},"type":"binary-expr","locations":[{"start":{"line":114,"column":8},"end":{"line":114,"column":14}},{"start":{"line":114,"column":8},"end":{"line":114,"column":14}}]},"15":{"loc":{"start":{"line":128,"column":21},"end":{"line":128,"column":51}},"type":"binary-expr","locations":[{"start":{"line":128,"column":21},"end":{"line":128,"column":45}},{"start":{"line":128,"column":49},"end":{"line":128,"column":51}}]},"16":{"loc":{"start":{"line":134,"column":4},"end":{"line":134,"column":35}},"type":"if","locations":[{"start":{"line":134,"column":4},"end":{"line":134,"column":35}}]},"17":{"loc":{"start":{"line":134,"column":8},"end":{"line":134,"column":21}},"type":"cond-expr","locations":[{"start":{"line":134,"column":12},"end":{"line":134,"column":14}},{"start":{"line":134,"column":8},"end":{"line":134,"column":21}}]},"18":{"loc":{"start":{"line":134,"column":8},"end":{"line":134,"column":14}},"type":"binary-expr","locations":[{"start":{"line":134,"column":8},"end":{"line":134,"column":14}},{"start":{"line":134,"column":8},"end":{"line":134,"column":14}}]},"19":{"loc":{"start":{"line":151,"column":6},"end":{"line":151,"column":37}},"type":"if","locations":[{"start":{"line":151,"column":6},"end":{"line":151,"column":37}}]},"20":{"loc":{"start":{"line":151,"column":10},"end":{"line":151,"column":23}},"type":"cond-expr","locations":[{"start":{"line":151,"column":14},"end":{"line":151,"column":16}},{"start":{"line":151,"column":10},"end":{"line":151,"column":23}}]},"21":{"loc":{"start":{"line":151,"column":10},"end":{"line":151,"column":16}},"type":"binary-expr","locations":[{"start":{"line":151,"column":10},"end":{"line":151,"column":16}},{"start":{"line":151,"column":10},"end":{"line":151,"column":16}}]},"22":{"loc":{"start":{"line":177,"column":6},"end":{"line":177,"column":37}},"type":"if","locations":[{"start":{"line":177,"column":6},"end":{"line":177,"column":37}}]},"23":{"loc":{"start":{"line":177,"column":10},"end":{"line":177,"column":23}},"type":"cond-expr","locations":[{"start":{"line":177,"column":14},"end":{"line":177,"column":16}},{"start":{"line":177,"column":10},"end":{"line":177,"column":23}}]},"24":{"loc":{"start":{"line":177,"column":10},"end":{"line":177,"column":16}},"type":"binary-expr","locations":[{"start":{"line":177,"column":10},"end":{"line":177,"column":16}},{"start":{"line":177,"column":10},"end":{"line":177,"column":16}}]},"25":{"loc":{"start":{"line":196,"column":6},"end":{"line":196,"column":37}},"type":"if","locations":[{"start":{"line":196,"column":6},"end":{"line":196,"column":37}}]},"26":{"loc":{"start":{"line":196,"column":10},"end":{"line":196,"column":23}},"type":"cond-expr","locations":[{"start":{"line":196,"column":14},"end":{"line":196,"column":16}},{"start":{"line":196,"column":10},"end":{"line":196,"column":23}}]},"27":{"loc":{"start":{"line":196,"column":10},"end":{"line":196,"column":16}},"type":"binary-expr","locations":[{"start":{"line":196,"column":10},"end":{"line":196,"column":16}},{"start":{"line":196,"column":10},"end":{"line":196,"column":16}}]},"28":{"loc":{"start":{"line":210,"column":6},"end":{"line":210,"column":37}},"type":"if","locations":[{"start":{"line":210,"column":6},"end":{"line":210,"column":37}}]},"29":{"loc":{"start":{"line":210,"column":10},"end":{"line":210,"column":23}},"type":"cond-expr","locations":[{"start":{"line":210,"column":14},"end":{"line":210,"column":16}},{"start":{"line":210,"column":10},"end":{"line":210,"column":23}}]},"30":{"loc":{"start":{"line":210,"column":10},"end":{"line":210,"column":16}},"type":"binary-expr","locations":[{"start":{"line":210,"column":10},"end":{"line":210,"column":16}},{"start":{"line":210,"column":10},"end":{"line":210,"column":16}}]},"31":{"loc":{"start":{"line":224,"column":6},"end":{"line":224,"column":37}},"type":"if","locations":[{"start":{"line":224,"column":6},"end":{"line":224,"column":37}}]},"32":{"loc":{"start":{"line":224,"column":10},"end":{"line":224,"column":23}},"type":"cond-expr","locations":[{"start":{"line":224,"column":14},"end":{"line":224,"column":16}},{"start":{"line":224,"column":10},"end":{"line":224,"column":23}}]},"33":{"loc":{"start":{"line":224,"column":10},"end":{"line":224,"column":16}},"type":"binary-expr","locations":[{"start":{"line":224,"column":10},"end":{"line":224,"column":16}},{"start":{"line":224,"column":10},"end":{"line":224,"column":16}}]},"34":{"loc":{"start":{"line":233,"column":21},"end":{"line":233,"column":51}},"type":"binary-expr","locations":[{"start":{"line":233,"column":21},"end":{"line":233,"column":45}},{"start":{"line":233,"column":49},"end":{"line":233,"column":51}}]},"35":{"loc":{"start":{"line":242,"column":21},"end":{"line":242,"column":51}},"type":"binary-expr","locations":[{"start":{"line":242,"column":21},"end":{"line":242,"column":45}},{"start":{"line":242,"column":49},"end":{"line":242,"column":51}}]}},"s":{"0":2,"1":2,"2":2,"3":0,"4":0,"5":2,"6":0,"7":0,"8":0,"9":0,"10":0,"11":0,"12":0,"13":0,"14":0,"15":2,"16":2,"17":0,"18":0,"19":0,"20":0,"21":0,"22":0,"23":0,"24":0,"25":0,"26":0,"27":0,"28":0,"29":0,"30":0,"31":0,"32":0,"33":0,"34":2,"35":2,"36":0,"37":0,"38":0,"39":0,"40":0,"41":2,"42":2,"43":0,"44":0,"45":0,"46":0,"47":0,"48":2,"49":2,"50":0,"51":0,"52":0,"53":0,"54":2,"55":2,"56":0,"57":0,"58":0,"59":0,"60":2,"61":2,"62":0,"63":0,"64":0,"65":0,"66":0,"67":2,"68":2,"69":0,"70":0,"71":0,"72":0,"73":0,"74":2,"75":2,"76":0,"77":0,"78":0,"79":0,"80":0,"81":2,"82":2,"83":0,"84":0,"85":0,"86":0,"87":0,"88":2,"89":2,"90":0,"91":0,"92":0,"93":0,"94":0,"95":2,"96":2,"97":0,"98":2,"99":2,"100":0,"101":2,"102":2,"103":0,"104":0,"105":2},"f":{"0":0,"1":0,"2":0,"3":0,"4":0,"5":0,"6":0,"7":0,"8":0,"9":0,"10":0,"11":0,"12":0,"13":0,"14":0,"15":0,"16":0,"17":0,"18":0,"19":0,"20":0,"21":0,"22":0,"23":0,"24":0,"25":0,"26":0,"27":0,"28":0,"29":0,"30":0,"31":0,"32":0,"33":0,"34":0,"35":0},"b":{"0":[0,0],"1":[0],"2":[0],"3":[0,0,0],"4":[0],"5":[0],"6":[0,0],"7":[0,0],"8":[0],"9":[0,0],"10":[0,0],"11":[0,0],"12":[0],"13":[0,0],"14":[0,0],"15":[0,0],"16":[0],"17":[0,0],"18":[0,0],"19":[0],"20":[0,0],"21":[0,0],"22":[0],"23":[0,0],"24":[0,0],"25":[0],"26":[0,0],"27":[0,0],"28":[0],"29":[0,0],"30":[0,0],"31":[0],"32":[0,0],"33":[0,0],"34":[0,0],"35":[0,0]}}
,"C:\\Users\\user\\stellar-burgers\\src\\utils\\cookie.ts": {"path":"C:\\Users\\user\\stellar-burgers\\src\\utils\\cookie.ts","statementMap":{"0":{"start":{"line":2,"column":18},"end":{"line":8,"column":null}},"1":{"start":{"line":10,"column":2},"end":{"line":10,"column":62}},"2":{"start":{"line":1,"column":0},"end":{"line":1,"column":16}},"3":{"start":{"line":16,"column":2},"end":{"line":16,"column":null}},"4":{"start":{"line":18,"column":2},"end":{"line":21,"column":4}},"5":{"start":{"line":23,"column":12},"end":{"line":23,"column":25}},"6":{"start":{"line":24,"column":2},"end":{"line":28,"column":3}},"7":{"start":{"line":25,"column":14},"end":{"line":25,"column":24}},"8":{"start":{"line":26,"column":4},"end":{"line":26,"column":40}},"9":{"start":{"line":27,"column":4},"end":{"line":27,"column":28}},"10":{"start":{"line":30,"column":2},"end":{"line":32,"column":3}},"11":{"start":{"line":31,"column":4},"end":{"line":31,"column":38}},"12":{"start":{"line":33,"column":2},"end":{"line":33,"column":36}},"13":{"start":{"line":34,"column":22},"end":{"line":34,"column":40}},"14":{"start":{"line":35,"column":2},"end":{"line":41,"column":3}},"15":{"start":{"line":36,"column":4},"end":{"line":36,"column":37}},"16":{"start":{"line":37,"column":22},"end":{"line":37,"column":37}},"17":{"start":{"line":38,"column":4},"end":{"line":40,"column":5}},"18":{"start":{"line":39,"column":6},"end":{"line":39,"column":39}},"19":{"start":{"line":42,"column":2},"end":{"line":42,"column":34}},"20":{"start":{"line":13,"column":0},"end":{"line":13,"column":16}},"21":{"start":{"line":46,"column":2},"end":{"line":46,"column":39}},"22":{"start":{"line":45,"column":0},"end":{"line":45,"column":16}}},"fnMap":{"0":{"name":"getCookie","decl":{"start":{"line":1,"column":16},"end":{"line":1,"column":25}},"loc":{"start":{"line":1,"column":38},"end":{"line":11,"column":1}}},"1":{"name":"setCookie","decl":{"start":{"line":13,"column":16},"end":{"line":13,"column":25}},"loc":{"start":{"line":16,"column":65},"end":{"line":43,"column":1}}},"2":{"name":"deleteCookie","decl":{"start":{"line":45,"column":16},"end":{"line":45,"column":28}},"loc":{"start":{"line":45,"column":41},"end":{"line":47,"column":1}}}},"branchMap":{"0":{"loc":{"start":{"line":10,"column":9},"end":{"line":10,"column":61}},"type":"cond-expr","locations":[{"start":{"line":10,"column":19},"end":{"line":10,"column":49}},{"start":{"line":10,"column":52},"end":{"line":10,"column":61}}]},"1":{"loc":{"start":{"line":16,"column":2},"end":{"line":16,"column":null}},"type":"if","locations":[{"start":{"line":16,"column":2},"end":{"line":16,"column":null}}]},"2":{"loc":{"start":{"line":24,"column":2},"end":{"line":28,"column":3}},"type":"if","locations":[{"start":{"line":24,"column":2},"end":{"line":28,"column":3}}]},"3":{"loc":{"start":{"line":24,"column":6},"end":{"line":24,"column":36}},"type":"binary-expr","locations":[{"start":{"line":24,"column":6},"end":{"line":24,"column":9}},{"start":{"line":24,"column":13},"end":{"line":24,"column":36}}]},"4":{"loc":{"start":{"line":30,"column":2},"end":{"line":32,"column":3}},"type":"if","locations":[{"start":{"line":30,"column":2},"end":{"line":32,"column":3}}]},"5":{"loc":{"start":{"line":30,"column":6},"end":{"line":30,"column":32}},"type":"binary-expr","locations":[{"start":{"line":30,"column":6},"end":{"line":30,"column":9}},{"start":{"line":30,"column":13},"end":{"line":30,"column":32}}]},"6":{"loc":{"start":{"line":38,"column":4},"end":{"line":40,"column":5}},"type":"if","locations":[{"start":{"line":38,"column":4},"end":{"line":40,"column":5}}]}},"s":{"0":0,"1":0,"2":2,"3":0,"4":0,"5":0,"6":0,"7":0,"8":0,"9":0,"10":0,"11":0,"12":0,"13":0,"14":0,"15":0,"16":0,"17":0,"18":0,"19":0,"20":2,"21":0,"22":2},"f":{"0":0,"1":0,"2":0},"b":{"0":[0,0],"1":[0],"2":[0],"3":[0,0],"4":[0],"5":[0,0],"6":[0]}}
}
