TN:
SF:src\services\slices\auth-slice.ts
FN:31,(anonymous_13)
FN:31,(anonymous_14)
FN:39,(anonymous_16)
FN:39,(anonymous_17)
FN:47,(anonymous_19)
FN:71,(anonymous_22)
FN:71,(anonymous_23)
FN:77,(anonymous_25)
FN:85,(anonymous_28)
FN:89,(anonymous_29)
FN:92,(anonymous_30)
FN:96,(anonymous_31)
FN:107,(anonymous_32)
FN:112,(anonymous_33)
FN:116,(anonymous_34)
FN:127,(anonymous_35)
FN:132,(anonymous_36)
FN:136,(anonymous_37)
FN:142,(anonymous_38)
FN:150,(anonymous_39)
FN:154,(anonymous_40)
FN:158,(anonymous_41)
FN:163,(anonymous_42)
FN:167,(anonymous_43)
FN:174,(anonymous_44)
FNF:25
FNH:1
FNDA:0,(anonymous_13)
FNDA:0,(anonymous_14)
FNDA:0,(anonymous_16)
FNDA:0,(anonymous_17)
FNDA:0,(anonymous_19)
FNDA:0,(anonymous_22)
FNDA:0,(anonymous_23)
FNDA:0,(anonymous_25)
FNDA:0,(anonymous_28)
FNDA:1,(anonymous_29)
FNDA:0,(anonymous_30)
FNDA:0,(anonymous_31)
FNDA:0,(anonymous_32)
FNDA:0,(anonymous_33)
FNDA:0,(anonymous_34)
FNDA:0,(anonymous_35)
FNDA:0,(anonymous_36)
FNDA:0,(anonymous_37)
FNDA:0,(anonymous_38)
FNDA:0,(anonymous_39)
FNDA:0,(anonymous_40)
FNDA:0,(anonymous_41)
FNDA:0,(anonymous_42)
FNDA:0,(anonymous_43)
FNDA:0,(anonymous_44)
DA:1,1
DA:3,1
DA:13,1
DA:22,1
DA:29,1
DA:31,0
DA:32,0
DA:33,0
DA:37,1
DA:39,0
DA:40,0
DA:41,0
DA:45,1
DA:47,0
DA:49,0
DA:50,0
DA:52,0
DA:53,0
DA:55,0
DA:56,0
DA:57,0
DA:59,0
DA:60,0
DA:61,0
DA:64,0
DA:69,1
DA:71,0
DA:72,0
DA:73,0
DA:77,1
DA:78,0
DA:81,1
DA:86,0
DA:90,1
DA:93,0
DA:94,0
DA:97,0
DA:98,0
DA:99,0
DA:101,0
DA:102,0
DA:104,0
DA:105,0
DA:108,0
DA:109,0
DA:113,0
DA:114,0
DA:117,0
DA:118,0
DA:119,0
DA:121,0
DA:122,0
DA:124,0
DA:125,0
DA:128,0
DA:129,0
DA:133,0
DA:134,0
DA:137,0
DA:138,0
DA:139,0
DA:140,0
DA:143,0
DA:144,0
DA:145,0
DA:146,0
DA:151,0
DA:152,0
DA:155,0
DA:156,0
DA:159,0
DA:160,0
DA:164,0
DA:165,0
DA:168,0
DA:169,0
DA:170,0
DA:171,0
DA:172,0
DA:175,0
DA:176,0
DA:181,1
DA:182,1
LF:83
LH:13
BRDA:32,0,0,0
BRDA:40,1,0,0
BRDA:64,2,0,0
BRDA:53,3,0,0
BRDA:72,4,0,0
BRDA:78,5,0,0
BRDA:98,6,0,0
BRDA:101,7,0,0
BRDA:109,8,0,0
BRDA:109,8,1,0
BRDA:118,9,0,0
BRDA:121,10,0,0
BRDA:129,11,0,0
BRDA:129,11,1,0
BRDA:147,12,0,0
BRDA:147,12,1,0
BRDA:160,13,0,0
BRDA:160,13,1,0
BRDA:176,14,0,0
BRDA:176,14,1,0
BRF:20
BRH:0
end_of_record
TN:
SF:src\services\slices\constructor-slice.ts
FN:19,(anonymous_0)
FN:29,(anonymous_1)
FN:33,(anonymous_2)
FN:35,(anonymous_3)
FN:38,(anonymous_4)
FN:47,(anonymous_5)
FNF:6
FNH:6
FNDA:6,(anonymous_0)
FNDA:6,(anonymous_1)
FNDA:3,(anonymous_2)
FNDA:3,(anonymous_3)
FNDA:3,(anonymous_4)
FNDA:2,(anonymous_5)
DA:1,2
DA:9,2
DA:14,2
DA:23,6
DA:24,2
DA:26,4
DA:30,6
DA:34,3
DA:35,3
DA:42,3
DA:43,3
DA:44,3
DA:45,3
DA:48,2
DA:49,2
DA:55,2
DA:61,2
LF:17
LH:17
BRDA:23,0,0,2
BRDA:23,0,1,4
BRF:2
BRH:2
end_of_record
TN:
SF:src\services\slices\index.ts
FNF:0
FNH:0
DA:1,1
DA:2,1
DA:3,1
DA:4,1
DA:5,1
DA:7,1
DA:14,1
LF:7
LH:7
BRF:0
BRH:0
end_of_record
TN:
SF:src\services\slices\ingredients-slice.ts
FN:19,(anonymous_13)
FN:29,(anonymous_16)
FN:31,(anonymous_17)
FN:35,(anonymous_18)
FN:39,(anonymous_19)
FNF:5
FNH:4
FNDA:0,(anonymous_13)
FNDA:2,(anonymous_16)
FNDA:4,(anonymous_17)
FNDA:3,(anonymous_18)
FNDA:4,(anonymous_19)
DA:1,2
DA:3,2
DA:11,2
DA:17,2
DA:19,0
DA:20,0
DA:21,0
DA:25,2
DA:30,2
DA:32,4
DA:33,4
DA:36,3
DA:37,3
DA:40,4
DA:41,4
DA:46,2
LF:16
LH:13
BRDA:20,0,0,0
BRDA:41,1,0,4
BRDA:41,1,1,1
BRF:3
BRH:2
end_of_record
TN:
SF:src\services\slices\orders-slice.ts
FN:32,(anonymous_13)
FN:40,(anonymous_16)
FN:48,(anonymous_19)
FN:48,(anonymous_20)
FN:56,(anonymous_22)
FN:56,(anonymous_23)
FN:66,(anonymous_25)
FN:70,(anonymous_26)
FN:73,(anonymous_27)
FN:77,(anonymous_28)
FN:83,(anonymous_29)
FN:88,(anonymous_30)
FN:92,(anonymous_31)
FN:96,(anonymous_32)
FN:102,(anonymous_33)
FN:106,(anonymous_34)
FN:114,(anonymous_35)
FN:119,(anonymous_36)
FN:123,(anonymous_37)
FN:127,(anonymous_38)
FNF:20
FNH:1
FNDA:0,(anonymous_13)
FNDA:0,(anonymous_16)
FNDA:0,(anonymous_19)
FNDA:0,(anonymous_20)
FNDA:0,(anonymous_22)
FNDA:0,(anonymous_23)
FNDA:0,(anonymous_25)
FNDA:1,(anonymous_26)
FNDA:0,(anonymous_27)
FNDA:0,(anonymous_28)
FNDA:0,(anonymous_29)
FNDA:0,(anonymous_30)
FNDA:0,(anonymous_31)
FNDA:0,(anonymous_32)
FNDA:0,(anonymous_33)
FNDA:0,(anonymous_34)
FNDA:0,(anonymous_35)
FNDA:0,(anonymous_36)
FNDA:0,(anonymous_37)
FNDA:0,(anonymous_38)
DA:1,1
DA:3,1
DA:20,1
DA:30,1
DA:32,0
DA:33,0
DA:34,0
DA:38,1
DA:40,0
DA:41,0
DA:42,0
DA:46,1
DA:48,0
DA:49,0
DA:50,0
DA:54,1
DA:56,0
DA:57,0
DA:58,0
DA:62,1
DA:67,0
DA:71,1
DA:74,0
DA:75,0
DA:78,0
DA:79,0
DA:80,0
DA:81,0
DA:84,0
DA:85,0
DA:89,0
DA:90,0
DA:93,0
DA:94,0
DA:97,0
DA:98,0
DA:103,0
DA:104,0
DA:107,0
DA:108,0
DA:109,0
DA:111,0
DA:115,0
DA:116,0
DA:120,0
DA:121,0
DA:124,0
DA:125,0
DA:128,0
DA:129,0
DA:134,1
DA:135,1
LF:52
LH:11
BRDA:33,0,0,0
BRDA:41,1,0,0
BRDA:49,2,0,0
BRDA:57,3,0,0
BRDA:85,4,0,0
BRDA:85,4,1,0
BRDA:99,5,0,0
BRDA:99,5,1,0
BRDA:108,6,0,0
BRDA:108,6,1,0
BRDA:108,7,0,0
BRDA:108,7,1,0
BRDA:116,8,0,0
BRDA:116,8,1,0
BRDA:125,9,0,0
BRDA:125,9,1,0
BRDA:129,10,0,0
BRDA:129,10,1,0
BRF:18
BRH:0
end_of_record
TN:
SF:src\utils\burger-api.ts
FN:6,(anonymous_15)
FN:7,(anonymous_16)
FN:18,(anonymous_17)
FN:28,(anonymous_18)
FN:34,(anonymous_19)
FN:43,(anonymous_20)
FN:45,(anonymous_21)
FN:90,(anonymous_23)
FN:92,(anonymous_24)
FN:93,(anonymous_25)
FN:98,(anonymous_26)
FN:100,(anonymous_27)
FN:101,(anonymous_28)
FN:106,(anonymous_29)
FN:113,(anonymous_30)
FN:123,(anonymous_31)
FN:133,(anonymous_32)
FN:142,(anonymous_33)
FN:149,(anonymous_34)
FN:150,(anonymous_35)
FN:167,(anonymous_36)
FN:175,(anonymous_37)
FN:176,(anonymous_38)
FN:186,(anonymous_39)
FN:194,(anonymous_40)
FN:195,(anonymous_41)
FN:200,(anonymous_42)
FN:208,(anonymous_43)
FN:209,(anonymous_44)
FN:214,(anonymous_45)
FN:222,(anonymous_46)
FN:223,(anonymous_47)
FN:230,(anonymous_48)
FN:237,(anonymous_49)
FN:247,(anonymous_50)
FN:256,(anonymous_51)
FNF:36
FNH:0
FNDA:0,(anonymous_15)
FNDA:0,(anonymous_16)
FNDA:0,(anonymous_17)
FNDA:0,(anonymous_18)
FNDA:0,(anonymous_19)
FNDA:0,(anonymous_20)
FNDA:0,(anonymous_21)
FNDA:0,(anonymous_23)
FNDA:0,(anonymous_24)
FNDA:0,(anonymous_25)
FNDA:0,(anonymous_26)
FNDA:0,(anonymous_27)
FNDA:0,(anonymous_28)
FNDA:0,(anonymous_29)
FNDA:0,(anonymous_30)
FNDA:0,(anonymous_31)
FNDA:0,(anonymous_32)
FNDA:0,(anonymous_33)
FNDA:0,(anonymous_34)
FNDA:0,(anonymous_35)
FNDA:0,(anonymous_36)
FNDA:0,(anonymous_37)
FNDA:0,(anonymous_38)
FNDA:0,(anonymous_39)
FNDA:0,(anonymous_40)
FNDA:0,(anonymous_41)
FNDA:0,(anonymous_42)
FNDA:0,(anonymous_43)
FNDA:0,(anonymous_44)
FNDA:0,(anonymous_45)
FNDA:0,(anonymous_46)
FNDA:0,(anonymous_47)
FNDA:0,(anonymous_48)
FNDA:0,(anonymous_49)
FNDA:0,(anonymous_50)
FNDA:0,(anonymous_51)
DA:1,2
DA:4,2
DA:6,2
DA:7,0
DA:18,2
DA:19,0
DA:29,0
DA:30,0
DA:32,0
DA:35,0
DA:36,0
DA:38,0
DA:39,0
DA:40,0
DA:43,2
DA:45,0
DA:48,0
DA:49,0
DA:51,0
DA:53,0
DA:55,0
DA:62,0
DA:63,0
DA:66,0
DA:67,0
DA:68,0
DA:71,0
DA:90,2
DA:91,0
DA:92,0
DA:94,0
DA:95,0
DA:98,2
DA:99,0
DA:100,0
DA:102,0
DA:103,0
DA:106,2
DA:107,0
DA:114,0
DA:115,0
DA:123,2
DA:124,0
DA:134,0
DA:135,0
DA:142,2
DA:143,0
DA:149,0
DA:151,0
DA:152,0
DA:167,2
DA:168,0
DA:175,0
DA:177,0
DA:178,0
DA:186,2
DA:187,0
DA:194,0
DA:196,0
DA:197,0
DA:200,2
DA:201,0
DA:208,0
DA:210,0
DA:211,0
DA:214,2
DA:215,0
DA:222,0
DA:224,0
DA:225,0
DA:230,2
DA:231,0
DA:237,2
DA:238,0
DA:247,2
DA:248,0
DA:256,0
LF:77
LH:17
BRDA:7,0,0,0
BRDA:7,0,1,0
BRDA:29,1,0,0
BRDA:35,2,0,0
BRDA:49,3,0,0
BRDA:49,3,1,0
BRDA:49,3,2,0
BRDA:51,4,0,0
BRDA:94,5,0,0
BRDA:94,6,0,0
BRDA:94,6,1,0
BRDA:94,7,0,0
BRDA:94,7,1,0
BRDA:102,8,0,0
BRDA:102,9,0,0
BRDA:102,9,1,0
BRDA:102,10,0,0
BRDA:102,10,1,0
BRDA:111,11,0,0
BRDA:111,11,1,0
BRDA:114,12,0,0
BRDA:114,13,0,0
BRDA:114,13,1,0
BRDA:114,14,0,0
BRDA:114,14,1,0
BRDA:128,15,0,0
BRDA:128,15,1,0
BRDA:134,16,0,0
BRDA:134,17,0,0
BRDA:134,17,1,0
BRDA:134,18,0,0
BRDA:134,18,1,0
BRDA:151,19,0,0
BRDA:151,20,0,0
BRDA:151,20,1,0
BRDA:151,21,0,0
BRDA:151,21,1,0
BRDA:177,22,0,0
BRDA:177,23,0,0
BRDA:177,23,1,0
BRDA:177,24,0,0
BRDA:177,24,1,0
BRDA:196,25,0,0
BRDA:196,26,0,0
BRDA:196,26,1,0
BRDA:196,27,0,0
BRDA:196,27,1,0
BRDA:210,28,0,0
BRDA:210,29,0,0
BRDA:210,29,1,0
BRDA:210,30,0,0
BRDA:210,30,1,0
BRDA:224,31,0,0
BRDA:224,32,0,0
BRDA:224,32,1,0
BRDA:224,33,0,0
BRDA:224,33,1,0
BRDA:233,34,0,0
BRDA:233,34,1,0
BRDA:242,35,0,0
BRDA:242,35,1,0
BRF:61
BRH:0
end_of_record
TN:
SF:src\utils\cookie.ts
FN:1,getCookie
FN:13,setCookie
FN:45,deleteCookie
FNF:3
FNH:0
FNDA:0,getCookie
FNDA:0,setCookie
FNDA:0,deleteCookie
DA:1,2
DA:2,0
DA:10,0
DA:13,2
DA:16,0
DA:18,0
DA:23,0
DA:24,0
DA:25,0
DA:26,0
DA:27,0
DA:30,0
DA:31,0
DA:33,0
DA:34,0
DA:35,0
DA:36,0
DA:37,0
DA:38,0
DA:39,0
DA:42,0
DA:45,2
DA:46,0
LF:23
LH:3
BRDA:10,0,0,0
BRDA:10,0,1,0
BRDA:16,1,0,0
BRDA:24,2,0,0
BRDA:24,3,0,0
BRDA:24,3,1,0
BRDA:30,4,0,0
BRDA:30,5,0,0
BRDA:30,5,1,0
BRDA:38,6,0,0
BRF:10
BRH:0
end_of_record
